This file contains any messages produced by compilers while
running configure, to aid debugging if configure makes a mistake.

It was created by netmon configure 1.0, which was
generated by GNU Autoconf 2.68.  Invocation command line was

  $ ./configure --no-create --no-recursion

## --------- ##
## Platform. ##
## --------- ##

hostname = maison-nblin
uname -m = x86_64
uname -r = 3.2.0-40-generic
uname -s = Linux
uname -v = #64-Ubuntu SMP Mon Mar 25 21:22:10 UTC 2013

/usr/bin/uname -p = unknown
/bin/uname -X     = unknown

/bin/arch              = unknown
/usr/bin/arch -k       = unknown
/usr/convex/getsysinfo = unknown
/usr/bin/hostinfo      = unknown
/bin/machine           = unknown
/usr/bin/oslevel       = unknown
/bin/universe          = unknown

PATH: /home/sebastien/perl5/bin
PATH: /home/sebastien/bin
PATH: /usr/lib/lightdm/lightdm
PATH: /usr/local/sbin
PATH: /usr/local/bin
PATH: /usr/sbin
PATH: /usr/bin
PATH: /sbin
PATH: /bin
PATH: /usr/games


## ----------- ##
## Core tests. ##
## ----------- ##

configure:2273: checking build system type
configure:2287: result: x86_64-unknown-linux-gnu
configure:2307: checking host system type
configure:2320: result: x86_64-unknown-linux-gnu
configure:2357: checking for a BSD-compatible install
configure:2425: result: /usr/bin/install -c
configure:2436: checking whether build environment is sane
configure:2486: result: yes
configure:2627: checking for a thread-safe mkdir -p
configure:2666: result: /bin/mkdir -p
configure:2679: checking for gawk
configure:2695: found /usr/bin/gawk
configure:2706: result: gawk
configure:2717: checking whether make sets $(MAKE)
configure:2739: result: yes
configure:2885: checking for gcc
configure:2901: found /usr/bin/gcc
configure:2912: result: gcc
configure:3141: checking for C compiler version
configure:3150: gcc --version >&5
gcc (Ubuntu/Linaro 4.6.3-1ubuntu5) 4.6.3
Copyright (C) 2011 Free Software Foundation, Inc.
This is free software; see the source for copying conditions.  There is NO
warranty; not even for MERCHANTABILITY or FITNESS FOR A PARTICULAR PURPOSE.

configure:3161: $? = 0
configure:3150: gcc -v >&5
Using built-in specs.
COLLECT_GCC=gcc
COLLECT_LTO_WRAPPER=/usr/lib/gcc/x86_64-linux-gnu/4.6/lto-wrapper
Target: x86_64-linux-gnu
Configured with: ../src/configure -v --with-pkgversion='Ubuntu/Linaro 4.6.3-1ubuntu5' --with-bugurl=file:///usr/share/doc/gcc-4.6/README.Bugs --enable-languages=c,c++,fortran,objc,obj-c++ --prefix=/usr --program-suffix=-4.6 --enable-shared --enable-linker-build-id --with-system-zlib --libexecdir=/usr/lib --without-included-gettext --enable-threads=posix --with-gxx-include-dir=/usr/include/c++/4.6 --libdir=/usr/lib --enable-nls --with-sysroot=/ --enable-clocale=gnu --enable-libstdcxx-debug --enable-libstdcxx-time=yes --enable-gnu-unique-object --enable-plugin --enable-objc-gc --disable-werror --with-arch-32=i686 --with-tune=generic --enable-checking=release --build=x86_64-linux-gnu --host=x86_64-linux-gnu --target=x86_64-linux-gnu
Thread model: posix
gcc version 4.6.3 (Ubuntu/Linaro 4.6.3-1ubuntu5) 
configure:3161: $? = 0
configure:3150: gcc -V >&5
gcc: error: unrecognized option '-V'
gcc: fatal error: no input files
compilation terminated.
configure:3161: $? = 4
configure:3150: gcc -qversion >&5
gcc: error: unrecognized option '-qversion'
gcc: fatal error: no input files
compilation terminated.
configure:3161: $? = 4
configure:3181: checking whether the C compiler works
configure:3203: gcc    conftest.c  >&5
configure:3207: $? = 0
configure:3255: result: yes
configure:3258: checking for C compiler default output file name
configure:3260: result: a.out
configure:3266: checking for suffix of executables
configure:3273: gcc -o conftest    conftest.c  >&5
configure:3277: $? = 0
configure:3299: result: 
configure:3321: checking whether we are cross compiling
configure:3329: gcc -o conftest    conftest.c  >&5
configure:3333: $? = 0
configure:3340: ./conftest
configure:3344: $? = 0
configure:3359: result: no
configure:3364: checking for suffix of object files
configure:3386: gcc -c   conftest.c >&5
configure:3390: $? = 0
configure:3411: result: o
configure:3415: checking whether we are using the GNU C compiler
configure:3434: gcc -c   conftest.c >&5
configure:3434: $? = 0
configure:3443: result: yes
configure:3452: checking whether gcc accepts -g
configure:3472: gcc -c -g  conftest.c >&5
configure:3472: $? = 0
configure:3513: result: yes
configure:3530: checking for gcc option to accept ISO C89
configure:3594: gcc  -c -g -O2  conftest.c >&5
configure:3594: $? = 0
configure:3607: result: none needed
configure:3638: checking for style of include used by make
configure:3666: result: GNU
configure:3692: checking dependency style of gcc
configure:3803: result: gcc3
configure:3828: checking how to run the C preprocessor
configure:3859: gcc -E  conftest.c
configure:3859: $? = 0
configure:3873: gcc -E  conftest.c
conftest.c:11:28: fatal error: ac_nonexistent.h: No such file or directory
compilation terminated.
configure:3873: $? = 1
configure: failed program was:
| /* confdefs.h */
| #define PACKAGE_NAME "netmon"
| #define PACKAGE_TARNAME "netmon"
| #define PACKAGE_VERSION "1.0"
| #define PACKAGE_STRING "netmon 1.0"
| #define PACKAGE_BUGREPORT "sebastien.millet1@club-internet.fr"
| #define PACKAGE_URL ""
| #define PACKAGE "netmon"
| #define VERSION "1.0"
| /* end confdefs.h.  */
| #include <ac_nonexistent.h>
configure:3898: result: gcc -E
configure:3918: gcc -E  conftest.c
configure:3918: $? = 0
configure:3932: gcc -E  conftest.c
conftest.c:11:28: fatal error: ac_nonexistent.h: No such file or directory
compilation terminated.
configure:3932: $? = 1
configure: failed program was:
| /* confdefs.h */
| #define PACKAGE_NAME "netmon"
| #define PACKAGE_TARNAME "netmon"
| #define PACKAGE_VERSION "1.0"
| #define PACKAGE_STRING "netmon 1.0"
| #define PACKAGE_BUGREPORT "sebastien.millet1@club-internet.fr"
| #define PACKAGE_URL ""
| #define PACKAGE "netmon"
| #define VERSION "1.0"
| /* end confdefs.h.  */
| #include <ac_nonexistent.h>
configure:3961: checking for grep that handles long lines and -e
configure:4019: result: /bin/grep
configure:4024: checking for egrep
configure:4086: result: /bin/grep -E
configure:4091: checking for ANSI C header files
configure:4111: gcc -c -g -O2  conftest.c >&5
configure:4111: $? = 0
configure:4184: gcc -o conftest -g -O2   conftest.c  >&5
configure:4184: $? = 0
configure:4184: ./conftest
configure:4184: $? = 0
configure:4195: result: yes
configure:4208: checking for sys/types.h
configure:4208: gcc -c -g -O2  conftest.c >&5
configure:4208: $? = 0
configure:4208: result: yes
configure:4208: checking for sys/stat.h
configure:4208: gcc -c -g -O2  conftest.c >&5
configure:4208: $? = 0
configure:4208: result: yes
configure:4208: checking for stdlib.h
configure:4208: gcc -c -g -O2  conftest.c >&5
configure:4208: $? = 0
configure:4208: result: yes
configure:4208: checking for string.h
configure:4208: gcc -c -g -O2  conftest.c >&5
configure:4208: $? = 0
configure:4208: result: yes
configure:4208: checking for memory.h
configure:4208: gcc -c -g -O2  conftest.c >&5
configure:4208: $? = 0
configure:4208: result: yes
configure:4208: checking for strings.h
configure:4208: gcc -c -g -O2  conftest.c >&5
configure:4208: $? = 0
configure:4208: result: yes
configure:4208: checking for inttypes.h
configure:4208: gcc -c -g -O2  conftest.c >&5
configure:4208: $? = 0
configure:4208: result: yes
configure:4208: checking for stdint.h
configure:4208: gcc -c -g -O2  conftest.c >&5
configure:4208: $? = 0
configure:4208: result: yes
configure:4208: checking for unistd.h
configure:4208: gcc -c -g -O2  conftest.c >&5
configure:4208: $? = 0
configure:4208: result: yes
configure:4223: checking arpa/inet.h usability
configure:4223: gcc -c -g -O2  conftest.c >&5
configure:4223: $? = 0
configure:4223: result: yes
configure:4223: checking arpa/inet.h presence
configure:4223: gcc -E  conftest.c
configure:4223: $? = 0
configure:4223: result: yes
configure:4223: checking for arpa/inet.h
configure:4223: result: yes
configure:4223: checking fcntl.h usability
configure:4223: gcc -c -g -O2  conftest.c >&5
configure:4223: $? = 0
configure:4223: result: yes
configure:4223: checking fcntl.h presence
configure:4223: gcc -E  conftest.c
configure:4223: $? = 0
configure:4223: result: yes
configure:4223: checking for fcntl.h
configure:4223: result: yes
configure:4223: checking netdb.h usability
configure:4223: gcc -c -g -O2  conftest.c >&5
configure:4223: $? = 0
configure:4223: result: yes
configure:4223: checking netdb.h presence
configure:4223: gcc -E  conftest.c
configure:4223: $? = 0
configure:4223: result: yes
configure:4223: checking for netdb.h
configure:4223: result: yes
configure:4223: checking netinet/in.h usability
configure:4223: gcc -c -g -O2  conftest.c >&5
configure:4223: $? = 0
configure:4223: result: yes
configure:4223: checking netinet/in.h presence
configure:4223: gcc -E  conftest.c
configure:4223: $? = 0
configure:4223: result: yes
configure:4223: checking for netinet/in.h
configure:4223: result: yes
configure:4223: checking for stdlib.h
configure:4223: result: yes
configure:4223: checking for string.h
configure:4223: result: yes
configure:4223: checking sys/socket.h usability
configure:4223: gcc -c -g -O2  conftest.c >&5
configure:4223: $? = 0
configure:4223: result: yes
configure:4223: checking sys/socket.h presence
configure:4223: gcc -E  conftest.c
configure:4223: $? = 0
configure:4223: result: yes
configure:4223: checking for sys/socket.h
configure:4223: result: yes
configure:4223: checking sys/time.h usability
configure:4223: gcc -c -g -O2  conftest.c >&5
configure:4223: $? = 0
configure:4223: result: yes
configure:4223: checking sys/time.h presence
configure:4223: gcc -E  conftest.c
configure:4223: $? = 0
configure:4223: result: yes
configure:4223: checking for sys/time.h
configure:4223: result: yes
configure:4223: checking for unistd.h
configure:4223: result: yes
configure:4235: checking for stdbool.h that conforms to C99
configure:4302: gcc -c -g -O2  conftest.c >&5
configure:4302: $? = 0
configure:4309: result: yes
configure:4311: checking for _Bool
configure:4311: gcc -c -g -O2  conftest.c >&5
configure:4311: $? = 0
configure:4311: gcc -c -g -O2  conftest.c >&5
conftest.c: In function 'main':
conftest.c:66:20: error: expected expression before ')' token
configure:4311: $? = 1
configure: failed program was:
| /* confdefs.h */
| #define PACKAGE_NAME "netmon"
| #define PACKAGE_TARNAME "netmon"
| #define PACKAGE_VERSION "1.0"
| #define PACKAGE_STRING "netmon 1.0"
| #define PACKAGE_BUGREPORT "sebastien.millet1@club-internet.fr"
| #define PACKAGE_URL ""
| #define PACKAGE "netmon"
| #define VERSION "1.0"
| #define STDC_HEADERS 1
| #define HAVE_SYS_TYPES_H 1
| #define HAVE_SYS_STAT_H 1
| #define HAVE_STDLIB_H 1
| #define HAVE_STRING_H 1
| #define HAVE_MEMORY_H 1
| #define HAVE_STRINGS_H 1
| #define HAVE_INTTYPES_H 1
| #define HAVE_STDINT_H 1
| #define HAVE_UNISTD_H 1
| #define HAVE_ARPA_INET_H 1
| #define HAVE_FCNTL_H 1
| #define HAVE_NETDB_H 1
| #define HAVE_NETINET_IN_H 1
| #define HAVE_STDLIB_H 1
| #define HAVE_STRING_H 1
| #define HAVE_SYS_SOCKET_H 1
| #define HAVE_SYS_TIME_H 1
| #define HAVE_UNISTD_H 1
| /* end confdefs.h.  */
| #include <stdio.h>
| #ifdef HAVE_SYS_TYPES_H
| # include <sys/types.h>
| #endif
| #ifdef HAVE_SYS_STAT_H
| # include <sys/stat.h>
| #endif
| #ifdef STDC_HEADERS
| # include <stdlib.h>
| # include <stddef.h>
| #else
| # ifdef HAVE_STDLIB_H
| #  include <stdlib.h>
| # endif
| #endif
| #ifdef HAVE_STRING_H
| # if !defined STDC_HEADERS && defined HAVE_MEMORY_H
| #  include <memory.h>
| # endif
| # include <string.h>
| #endif
| #ifdef HAVE_STRINGS_H
| # include <strings.h>
| #endif
| #ifdef HAVE_INTTYPES_H
| # include <inttypes.h>
| #endif
| #ifdef HAVE_STDINT_H
| # include <stdint.h>
| #endif
| #ifdef HAVE_UNISTD_H
| # include <unistd.h>
| #endif
| int
| main ()
| {
| if (sizeof ((_Bool)))
| 	    return 0;
|   ;
|   return 0;
| }
configure:4311: result: yes
configure:4327: checking for size_t
configure:4327: gcc -c -g -O2  conftest.c >&5
configure:4327: $? = 0
configure:4327: gcc -c -g -O2  conftest.c >&5
conftest.c: In function 'main':
conftest.c:68:21: error: expected expression before ')' token
configure:4327: $? = 1
configure: failed program was:
| /* confdefs.h */
| #define PACKAGE_NAME "netmon"
| #define PACKAGE_TARNAME "netmon"
| #define PACKAGE_VERSION "1.0"
| #define PACKAGE_STRING "netmon 1.0"
| #define PACKAGE_BUGREPORT "sebastien.millet1@club-internet.fr"
| #define PACKAGE_URL ""
| #define PACKAGE "netmon"
| #define VERSION "1.0"
| #define STDC_HEADERS 1
| #define HAVE_SYS_TYPES_H 1
| #define HAVE_SYS_STAT_H 1
| #define HAVE_STDLIB_H 1
| #define HAVE_STRING_H 1
| #define HAVE_MEMORY_H 1
| #define HAVE_STRINGS_H 1
| #define HAVE_INTTYPES_H 1
| #define HAVE_STDINT_H 1
| #define HAVE_UNISTD_H 1
| #define HAVE_ARPA_INET_H 1
| #define HAVE_FCNTL_H 1
| #define HAVE_NETDB_H 1
| #define HAVE_NETINET_IN_H 1
| #define HAVE_STDLIB_H 1
| #define HAVE_STRING_H 1
| #define HAVE_SYS_SOCKET_H 1
| #define HAVE_SYS_TIME_H 1
| #define HAVE_UNISTD_H 1
| #define HAVE__BOOL 1
| #define HAVE_STDBOOL_H 1
| /* end confdefs.h.  */
| #include <stdio.h>
| #ifdef HAVE_SYS_TYPES_H
| # include <sys/types.h>
| #endif
| #ifdef HAVE_SYS_STAT_H
| # include <sys/stat.h>
| #endif
| #ifdef STDC_HEADERS
| # include <stdlib.h>
| # include <stddef.h>
| #else
| # ifdef HAVE_STDLIB_H
| #  include <stdlib.h>
| # endif
| #endif
| #ifdef HAVE_STRING_H
| # if !defined STDC_HEADERS && defined HAVE_MEMORY_H
| #  include <memory.h>
| # endif
| # include <string.h>
| #endif
| #ifdef HAVE_STRINGS_H
| # include <strings.h>
| #endif
| #ifdef HAVE_INTTYPES_H
| # include <inttypes.h>
| #endif
| #ifdef HAVE_STDINT_H
| # include <stdint.h>
| #endif
| #ifdef HAVE_UNISTD_H
| # include <unistd.h>
| #endif
| int
| main ()
| {
| if (sizeof ((size_t)))
| 	    return 0;
|   ;
|   return 0;
| }
configure:4327: result: yes
configure:4338: checking for ssize_t
configure:4338: gcc -c -g -O2  conftest.c >&5
configure:4338: $? = 0
configure:4338: gcc -c -g -O2  conftest.c >&5
conftest.c: In function 'main':
conftest.c:68:22: error: expected expression before ')' token
configure:4338: $? = 1
configure: failed program was:
| /* confdefs.h */
| #define PACKAGE_NAME "netmon"
| #define PACKAGE_TARNAME "netmon"
| #define PACKAGE_VERSION "1.0"
| #define PACKAGE_STRING "netmon 1.0"
| #define PACKAGE_BUGREPORT "sebastien.millet1@club-internet.fr"
| #define PACKAGE_URL ""
| #define PACKAGE "netmon"
| #define VERSION "1.0"
| #define STDC_HEADERS 1
| #define HAVE_SYS_TYPES_H 1
| #define HAVE_SYS_STAT_H 1
| #define HAVE_STDLIB_H 1
| #define HAVE_STRING_H 1
| #define HAVE_MEMORY_H 1
| #define HAVE_STRINGS_H 1
| #define HAVE_INTTYPES_H 1
| #define HAVE_STDINT_H 1
| #define HAVE_UNISTD_H 1
| #define HAVE_ARPA_INET_H 1
| #define HAVE_FCNTL_H 1
| #define HAVE_NETDB_H 1
| #define HAVE_NETINET_IN_H 1
| #define HAVE_STDLIB_H 1
| #define HAVE_STRING_H 1
| #define HAVE_SYS_SOCKET_H 1
| #define HAVE_SYS_TIME_H 1
| #define HAVE_UNISTD_H 1
| #define HAVE__BOOL 1
| #define HAVE_STDBOOL_H 1
| /* end confdefs.h.  */
| #include <stdio.h>
| #ifdef HAVE_SYS_TYPES_H
| # include <sys/types.h>
| #endif
| #ifdef HAVE_SYS_STAT_H
| # include <sys/stat.h>
| #endif
| #ifdef STDC_HEADERS
| # include <stdlib.h>
| # include <stddef.h>
| #else
| # ifdef HAVE_STDLIB_H
| #  include <stdlib.h>
| # endif
| #endif
| #ifdef HAVE_STRING_H
| # if !defined STDC_HEADERS && defined HAVE_MEMORY_H
| #  include <memory.h>
| # endif
| # include <string.h>
| #endif
| #ifdef HAVE_STRINGS_H
| # include <strings.h>
| #endif
| #ifdef HAVE_INTTYPES_H
| # include <inttypes.h>
| #endif
| #ifdef HAVE_STDINT_H
| # include <stdint.h>
| #endif
| #ifdef HAVE_UNISTD_H
| # include <unistd.h>
| #endif
| int
| main ()
| {
| if (sizeof ((ssize_t)))
| 	    return 0;
|   ;
|   return 0;
| }
configure:4338: result: yes
configure:4349: checking for uint16_t
configure:4349: gcc -c -g -O2  conftest.c >&5
configure:4349: $? = 0
configure:4349: result: yes
configure:4365: checking for stdlib.h
configure:4365: result: yes
configure:4375: checking for GNU libc compatible malloc
configure:4399: gcc -o conftest -g -O2   conftest.c  >&5
configure:4399: $? = 0
configure:4399: ./conftest
configure:4399: $? = 0
configure:4409: result: yes
configure:4432: checking for stdlib.h
configure:4432: result: yes
configure:4442: checking for GNU libc compatible realloc
configure:4466: gcc -o conftest -g -O2   conftest.c  >&5
configure:4466: $? = 0
configure:4466: ./conftest
configure:4466: $? = 0
configure:4476: result: yes
configure:4500: checking for atexit
configure:4500: gcc -o conftest -g -O2   conftest.c  >&5
configure:4500: $? = 0
configure:4500: result: yes
configure:4500: checking for gethostbyname
configure:4500: gcc -o conftest -g -O2   conftest.c  >&5
configure:4500: $? = 0
configure:4500: result: yes
configure:4500: checking for gettimeofday
configure:4500: gcc -o conftest -g -O2   conftest.c  >&5
configure:4500: $? = 0
configure:4500: result: yes
configure:4500: checking for memset
configure:4500: gcc -o conftest -g -O2   conftest.c  >&5
conftest.c:62:6: warning: conflicting types for built-in function 'memset' [enabled by default]
configure:4500: $? = 0
configure:4500: result: yes
configure:4500: checking for select
configure:4500: gcc -o conftest -g -O2   conftest.c  >&5
configure:4500: $? = 0
configure:4500: result: yes
configure:4500: checking for socket
configure:4500: gcc -o conftest -g -O2   conftest.c  >&5
configure:4500: $? = 0
configure:4500: result: yes
configure:4500: checking for strcasecmp
configure:4500: gcc -o conftest -g -O2   conftest.c  >&5
conftest.c:65:6: warning: conflicting types for built-in function 'strcasecmp' [enabled by default]
configure:4500: $? = 0
configure:4500: result: yes
configure:4500: checking for strerror
configure:4500: gcc -o conftest -g -O2   conftest.c  >&5
configure:4500: $? = 0
configure:4500: result: yes
configure:4500: checking for strncasecmp
configure:4500: gcc -o conftest -g -O2   conftest.c  >&5
conftest.c:67:6: warning: conflicting types for built-in function 'strncasecmp' [enabled by default]
configure:4500: $? = 0
configure:4500: result: yes
configure:4500: checking for strstr
configure:4500: gcc -o conftest -g -O2   conftest.c  >&5
conftest.c:68:6: warning: conflicting types for built-in function 'strstr' [enabled by default]
configure:4500: $? = 0
configure:4500: result: yes
configure:4642: creating ./config.status

## ---------------- ##
## Cache variables. ##
## ---------------- ##

ac_cv_build=x86_64-unknown-linux-gnu
ac_cv_c_compiler_gnu=yes
ac_cv_c_uint16_t=yes
ac_cv_env_CC_set=
ac_cv_env_CC_value=
ac_cv_env_CFLAGS_set=
ac_cv_env_CFLAGS_value=
ac_cv_env_CPPFLAGS_set=
ac_cv_env_CPPFLAGS_value=
ac_cv_env_CPP_set=
ac_cv_env_CPP_value=
ac_cv_env_LDFLAGS_set=
ac_cv_env_LDFLAGS_value=
ac_cv_env_LIBS_set=
ac_cv_env_LIBS_value=
ac_cv_env_build_alias_set=
ac_cv_env_build_alias_value=
ac_cv_env_host_alias_set=
ac_cv_env_host_alias_value=
ac_cv_env_target_alias_set=
ac_cv_env_target_alias_value=
ac_cv_func_atexit=yes
ac_cv_func_gethostbyname=yes
ac_cv_func_gettimeofday=yes
ac_cv_func_malloc_0_nonnull=yes
ac_cv_func_memset=yes
ac_cv_func_realloc_0_nonnull=yes
ac_cv_func_select=yes
ac_cv_func_socket=yes
ac_cv_func_strcasecmp=yes
ac_cv_func_strerror=yes
ac_cv_func_strncasecmp=yes
ac_cv_func_strstr=yes
ac_cv_header_arpa_inet_h=yes
ac_cv_header_fcntl_h=yes
ac_cv_header_inttypes_h=yes
ac_cv_header_memory_h=yes
ac_cv_header_netdb_h=yes
ac_cv_header_netinet_in_h=yes
ac_cv_header_stdbool_h=yes
ac_cv_header_stdc=yes
ac_cv_header_stdint_h=yes
ac_cv_header_stdlib_h=yes
ac_cv_header_string_h=yes
ac_cv_header_strings_h=yes
ac_cv_header_sys_socket_h=yes
ac_cv_header_sys_stat_h=yes
ac_cv_header_sys_time_h=yes
ac_cv_header_sys_types_h=yes
ac_cv_header_unistd_h=yes
ac_cv_host=x86_64-unknown-linux-gnu
ac_cv_objext=o
ac_cv_path_EGREP='/bin/grep -E'
ac_cv_path_GREP=/bin/grep
ac_cv_path_install='/usr/bin/install -c'
ac_cv_path_mkdir=/bin/mkdir
ac_cv_prog_AWK=gawk
ac_cv_prog_CPP='gcc -E'
ac_cv_prog_ac_ct_CC=gcc
ac_cv_prog_cc_c89=
ac_cv_prog_cc_g=yes
ac_cv_prog_make_make_set=yes
ac_cv_type__Bool=yes
ac_cv_type_size_t=yes
ac_cv_type_ssize_t=yes
am_cv_CC_dependencies_compiler_type=gcc3

## ----------------- ##
## Output variables. ##
## ----------------- ##

ACLOCAL='${SHELL} /home/sebastien/travail/cpp/seb/netmon/admin/missing --run aclocal-1.11'
AMDEPBACKSLASH='\'
AMDEP_FALSE='#'
AMDEP_TRUE=''
AMTAR='$${TAR-tar}'
AUTOCONF='${SHELL} /home/sebastien/travail/cpp/seb/netmon/admin/missing --run autoconf'
AUTOHEADER='${SHELL} /home/sebastien/travail/cpp/seb/netmon/admin/missing --run autoheader'
AUTOMAKE='${SHELL} /home/sebastien/travail/cpp/seb/netmon/admin/missing --run automake-1.11'
AWK='gawk'
CC='gcc'
CCDEPMODE='depmode=gcc3'
CFLAGS='-g -O2'
CPP='gcc -E'
CPPFLAGS=''
CYGPATH_W='echo'
DEFS='-DHAVE_CONFIG_H'
DEPDIR='.deps'
ECHO_C=''
ECHO_N='-n'
ECHO_T=''
EGREP='/bin/grep -E'
EXEEXT=''
GREP='/bin/grep'
INSTALL_DATA='${INSTALL} -m 644'
INSTALL_PROGRAM='${INSTALL}'
INSTALL_SCRIPT='${INSTALL}'
INSTALL_STRIP_PROGRAM='$(install_sh) -c -s'
LDFLAGS=''
LIBOBJS=''
LIBS=''
LTLIBOBJS=''
MAKEINFO='${SHELL} /home/sebastien/travail/cpp/seb/netmon/admin/missing --run makeinfo'
MKDIR_P='/bin/mkdir -p'
OBJEXT='o'
PACKAGE='netmon'
PACKAGE_BUGREPORT='sebastien.millet1@club-internet.fr'
PACKAGE_NAME='netmon'
PACKAGE_STRING='netmon 1.0'
PACKAGE_TARNAME='netmon'
PACKAGE_URL=''
PACKAGE_VERSION='1.0'
PATH_SEPARATOR=':'
SET_MAKE=''
SHELL='/bin/bash'
STRIP=''
VERSION='1.0'
ac_ct_CC='gcc'
am__EXEEXT_FALSE=''
am__EXEEXT_TRUE='#'
am__fastdepCC_FALSE='#'
am__fastdepCC_TRUE=''
am__include='include'
am__isrc=''
am__leading_dot='.'
am__nodep='_no'
am__quote=''
am__tar='$${TAR-tar} chof - "$$tardir"'
am__untar='$${TAR-tar} xf -'
bindir='${exec_prefix}/bin'
build='x86_64-unknown-linux-gnu'
build_alias=''
build_cpu='x86_64'
build_os='linux-gnu'
build_vendor='unknown'
datadir='${datarootdir}'
datarootdir='${prefix}/share'
docdir='${datarootdir}/doc/${PACKAGE_TARNAME}'
dvidir='${docdir}'
exec_prefix='${prefix}'
host='x86_64-unknown-linux-gnu'
host_alias=''
host_cpu='x86_64'
host_os='linux-gnu'
host_vendor='unknown'
htmldir='${docdir}'
includedir='${prefix}/include'
infodir='${datarootdir}/info'
install_sh='${SHELL} /home/sebastien/travail/cpp/seb/netmon/admin/install-sh'
libdir='${exec_prefix}/lib'
libexecdir='${exec_prefix}/libexec'
localedir='${datarootdir}/locale'
localstatedir='${prefix}/var'
mandir='${datarootdir}/man'
mkdir_p='/bin/mkdir -p'
oldincludedir='/usr/include'
pdfdir='${docdir}'
prefix='/usr/local'
program_transform_name='s,x,x,'
psdir='${docdir}'
sbindir='${exec_prefix}/sbin'
sharedstatedir='${prefix}/com'
sysconfdir='${prefix}/etc'
target_alias=''

## ----------- ##
## confdefs.h. ##
## ----------- ##

/* confdefs.h */
#define PACKAGE_NAME "netmon"
#define PACKAGE_TARNAME "netmon"
#define PACKAGE_VERSION "1.0"
#define PACKAGE_STRING "netmon 1.0"
#define PACKAGE_BUGREPORT "sebastien.millet1@club-internet.fr"
#define PACKAGE_URL ""
#define PACKAGE "netmon"
#define VERSION "1.0"
#define STDC_HEADERS 1
#define HAVE_SYS_TYPES_H 1
#define HAVE_SYS_STAT_H 1
#define HAVE_STDLIB_H 1
#define HAVE_STRING_H 1
#define HAVE_MEMORY_H 1
#define HAVE_STRINGS_H 1
#define HAVE_INTTYPES_H 1
#define HAVE_STDINT_H 1
#define HAVE_UNISTD_H 1
#define HAVE_ARPA_INET_H 1
#define HAVE_FCNTL_H 1
#define HAVE_NETDB_H 1
#define HAVE_NETINET_IN_H 1
#define HAVE_STDLIB_H 1
#define HAVE_STRING_H 1
#define HAVE_SYS_SOCKET_H 1
#define HAVE_SYS_TIME_H 1
#define HAVE_UNISTD_H 1
#define HAVE__BOOL 1
#define HAVE_STDBOOL_H 1
#define HAVE_STDLIB_H 1
#define HAVE_MALLOC 1
#define HAVE_STDLIB_H 1
#define HAVE_REALLOC 1
#define HAVE_ATEXIT 1
#define HAVE_GETHOSTBYNAME 1
#define HAVE_GETTIMEOFDAY 1
#define HAVE_MEMSET 1
#define HAVE_SELECT 1
#define HAVE_SOCKET 1
#define HAVE_STRCASECMP 1
#define HAVE_STRERROR 1
#define HAVE_STRNCASECMP 1
#define HAVE_STRSTR 1

configure: exit 0

## ---------------------- ##
## Running config.status. ##
## ---------------------- ##

This file was extended by netmon config.status 1.0, which was
generated by GNU Autoconf 2.68.  Invocation command line was

  CONFIG_FILES    = 
  CONFIG_HEADERS  = 
  CONFIG_LINKS    = 
  CONFIG_COMMANDS = 
  $ ./config.status 

on maison-nblin

config.status:894: creating Makefile
config.status:894: creating src/Makefile
config.status:894: creating config.h
config.status:1075: config.h is unchanged
config.status:1123: executing depfiles commands

## ---------------------- ##
## Running config.status. ##
## ---------------------- ##

This file was extended by netmon config.status 1.0, which was
generated by GNU Autoconf 2.68.  Invocation command line was

  CONFIG_FILES    = 
  CONFIG_HEADERS  = 
  CONFIG_LINKS    = 
  CONFIG_COMMANDS = 
  $ ./config.status config.h

on maison-nblin

config.status:894: creating config.h
config.status:1075: config.h is unchanged
